This is pdfTeX, Version 3.141592653-2.6-1.40.22 (MiKTeX 21.2) (preloaded format=pdflatex 2021.11.25)  25 NOV 2021 23:18
entering extended mode
**"./Problem 1.6.tex"
(Problem 1.6.tex
LaTeX2e <2020-10-01> patch level 4
L3 programming layer <2021-02-18> xparse <2020-03-03>
! Missing $ inserted.
<inserted text> 
                $
l.1 \exp
         -位*[x-a]^{2}\\
I've inserted a begin-math/end-math symbol since I think
you left one out. Proceed, with fingers crossed.


! LaTeX Error: Missing \begin{document}.

See the LaTeX manual or LaTeX Companion for explanation.
Type  H <return>  for immediate help.
 ...                                              
                                                  
l.1 \exp
         -位*[x-a]^{2}\\
You're in trouble here.  Try typing  <return>  to proceed.
If that doesn't work, type  X <return>  to quit.

LaTeX Font Info:    External font `cmex10' loaded for size
(Font)              <7> on input line 1.
LaTeX Font Info:    External font `cmex10' loaded for size
(Font)              <5> on input line 1.

! Package inputenc Error: Unicode character 位 (U+03BB)
(inputenc)                not set up for use with LaTeX.

See the inputenc package documentation for explanation.
Type  H <return>  for immediate help.
 ...                                              
                                                  
l.1 \exp -位
            *[x-a]^{2}\\
You may provide a definition with
\DeclareUnicodeCharacter 

)
! Emergency stop.
<*> "./Problem 1.6.tex"
                       
*** (job aborted, no legal \end found)

 
Here is how much of TeX's memory you used:
 21 strings out of 479300
 516 string characters out of 2853551
 282848 words of memory out of 3000000
 17592 multiletter control sequences out of 15000+200000
 403430 words of font info for 27 fonts, out of 3000000 for 9000
 1141 hyphenation exceptions out of 8191
 19i,2n,15p,71b,56s stack positions out of 5000i,500n,10000p,200000b,50000s
!  ==> Fatal error occurred, no output PDF file produced!
